{
  "stats": {
    "suites": 10,
    "tests": 17,
    "passes": 12,
    "pending": 0,
    "failures": 5,
    "start": "2023-05-20T07:55:47.884Z",
    "end": "2023-05-20T07:58:20.819Z",
    "duration": 152935,
    "testsRegistered": 17,
    "passPercent": 70.58823529411765,
    "pendingPercent": 0,
    "other": 0,
    "hasOther": false,
    "skipped": 0,
    "hasSkipped": false
  },
  "results": [
    {
      "uuid": "adccf88e-f6df-467e-a705-6737afbd7403",
      "title": "",
      "fullFile": "",
      "file": "",
      "beforeHooks": [],
      "afterHooks": [],
      "tests": [],
      "suites": [
        {
          "uuid": "002e1059-1583-433b-9b79-d659dc71af6b",
          "title": "Sign up",
          "fullFile": "/root/Video-editing-test-case/signup_testcase.js",
          "file": "/signup_testcase.js",
          "beforeHooks": [
            {
              "title": "\"before all\" hook in \"Sign up\"",
              "fullTitle": "Sign up \"before all\" hook in \"Sign up\"",
              "timedOut": false,
              "duration": 347,
              "state": null,
              "speed": null,
              "pass": false,
              "fail": false,
              "pending": false,
              "context": null,
              "code": "// Khởi tạo WebDriver\ndriver = await createDriver();",
              "err": {},
              "uuid": "2a549fbc-b578-4ee0-adb9-d8defaa37e96",
              "parentUUID": "002e1059-1583-433b-9b79-d659dc71af6b",
              "isHook": true,
              "skipped": false
            },
            {
              "title": "\"before each\" hook in \"Sign up\"",
              "fullTitle": "Sign up \"before each\" hook in \"Sign up\"",
              "timedOut": false,
              "duration": 3130,
              "state": null,
              "speed": null,
              "pass": false,
              "fail": false,
              "pending": false,
              "context": null,
              "code": "await driver.get(URL + \"/signUp\");\nawait driver.sleep(2000);",
              "err": {},
              "uuid": "08332ea6-c2cc-4a14-8169-1f85cbdf55bb",
              "parentUUID": "002e1059-1583-433b-9b79-d659dc71af6b",
              "isHook": true,
              "skipped": false
            }
          ],
          "afterHooks": [
            {
              "title": "\"after all\" hook in \"Sign up\"",
              "fullTitle": "Sign up \"after all\" hook in \"Sign up\"",
              "timedOut": false,
              "duration": 105,
              "state": null,
              "speed": null,
              "pass": false,
              "fail": false,
              "pending": false,
              "context": null,
              "code": "// Đóng WebDriver sau khi hoàn thành tất cả các test case\nawait driver.quit();",
              "err": {},
              "uuid": "891e4492-39e5-42af-a48c-ee34107a6244",
              "parentUUID": "002e1059-1583-433b-9b79-d659dc71af6b",
              "isHook": true,
              "skipped": false
            }
          ],
          "tests": [
            {
              "title": "Test Case 1: Đăng ký tài khoản",
              "fullTitle": "Sign up Test Case 1: Đăng ký tài khoản",
              "timedOut": false,
              "duration": 6773,
              "state": "passed",
              "speed": "slow",
              "pass": true,
              "fail": false,
              "pending": false,
              "context": null,
              "code": "await driver.findElement(By.xpath(\"//input\")).sendKeys(\"qthuat6\");\nawait driver\n    .findElement(By.xpath(\"//div[2]/div/div/input\"))\n    .sendKeys(\"thuat6@gmail.com\");\nawait driver\n    .findElement(By.xpath(\"//div[3]/div/div/input\"))\n    .sendKeys(\"Vo Dinh Quoc Thuat\");\nawait driver\n    .findElement(By.xpath(\"//div[4]/div/div/input\"))\n    .sendKeys(\"Abc1234@\");\nawait driver\n    .findElement(By.xpath(\"//div[5]/div/div/input\"))\n    .sendKeys(\"Abc1234@\");\nawait driver.findElement(By.xpath(\"//div[6]/button\")).click();\nawait driver.sleep(5000);\nawait driver\n    .takeScreenshot()\n    .then((image) =>\n        require(\"fs\").writeFileSync(\n            \"./result-images/signup.png\",\n            image,\n            \"base64\"\n        )\n    );",
              "err": {},
              "uuid": "0fcf4d84-df43-45a4-a479-b3e7a3ee0e37",
              "parentUUID": "002e1059-1583-433b-9b79-d659dc71af6b",
              "isHook": false,
              "skipped": false
            }
          ],
          "suites": [],
          "passes": [
            "0fcf4d84-df43-45a4-a479-b3e7a3ee0e37"
          ],
          "failures": [],
          "pending": [],
          "skipped": [],
          "duration": 6773,
          "root": false,
          "rootEmpty": false,
          "_timeout": 20000
        },
        {
          "uuid": "4b989046-89c8-4a65-ab96-4e9a3ed995c3",
          "title": "Đăng nhập",
          "fullFile": "/root/Video-editing-test-case/login_testcase.js",
          "file": "/login_testcase.js",
          "beforeHooks": [
            {
              "title": "\"before all\" hook in \"Đăng nhập\"",
              "fullTitle": "Đăng nhập \"before all\" hook in \"Đăng nhập\"",
              "timedOut": false,
              "duration": 3150,
              "state": null,
              "speed": null,
              "pass": false,
              "fail": false,
              "pending": false,
              "context": null,
              "code": "// Khởi tạo WebDriver\ndriver = await createDriver();\nawait driver.get(URL);\nawait driver.sleep(2000);",
              "err": {},
              "uuid": "30987d57-0c52-4c20-869c-0751dc302f45",
              "parentUUID": "4b989046-89c8-4a65-ab96-4e9a3ed995c3",
              "isHook": true,
              "skipped": false
            },
            {
              "title": "\"before each\" hook in \"Đăng nhập\"",
              "fullTitle": "Đăng nhập \"before each\" hook in \"Đăng nhập\"",
              "timedOut": false,
              "duration": 214,
              "state": null,
              "speed": null,
              "pass": false,
              "fail": false,
              "pending": false,
              "context": null,
              "code": "// Điều hướng đến trang web trước mỗi test case\nawait driver.get(URL + \"/login\");",
              "err": {},
              "uuid": "d624af42-9b4e-4f86-8404-c66f655866ec",
              "parentUUID": "4b989046-89c8-4a65-ab96-4e9a3ed995c3",
              "isHook": true,
              "skipped": false
            }
          ],
          "afterHooks": [
            {
              "title": "\"after all\" hook in \"Đăng nhập\"",
              "fullTitle": "Đăng nhập \"after all\" hook in \"Đăng nhập\"",
              "timedOut": false,
              "duration": 53,
              "state": null,
              "speed": null,
              "pass": false,
              "fail": false,
              "pending": false,
              "context": null,
              "code": "// Đóng WebDriver sau khi hoàn thành tất cả các test case\nawait driver.quit();",
              "err": {},
              "uuid": "91a2b04c-f72e-4fd6-b866-ba1f84fac6ba",
              "parentUUID": "4b989046-89c8-4a65-ab96-4e9a3ed995c3",
              "isHook": true,
              "skipped": false
            }
          ],
          "tests": [
            {
              "title": "Test Case 1: Sai tài khoản",
              "fullTitle": "Đăng nhập Test Case 1: Sai tài khoản",
              "timedOut": false,
              "duration": 3622,
              "state": "passed",
              "speed": "slow",
              "pass": true,
              "fail": false,
              "pending": false,
              "context": null,
              "code": "await driver.findElement(By.id(\"mui-1\")).click();\nawait driver.findElement(By.id(\"mui-1\")).sendKeys(\"test123\");\nawait driver.findElement(By.id(\"mui-2\")).sendKeys(\"Abc1234@\");\nawait driver.findElement(By.css(\".MuiButton-root\")).click();\nawait driver.sleep(3000);\nassert(\n    (await driver\n        .findElement(By.css(\".MuiPaper-elevation0\"))\n        .getText()) == \"Incorrect Username\"\n);",
              "err": {},
              "uuid": "96fced4f-467e-42a9-907c-68ba3ec8445f",
              "parentUUID": "4b989046-89c8-4a65-ab96-4e9a3ed995c3",
              "isHook": false,
              "skipped": false
            },
            {
              "title": "Test Case 2: Sai mật khẩu",
              "fullTitle": "Đăng nhập Test Case 2: Sai mật khẩu",
              "timedOut": false,
              "duration": 3469,
              "state": "passed",
              "speed": "slow",
              "pass": true,
              "fail": false,
              "pending": false,
              "context": null,
              "code": "await driver.findElement(By.id(\"mui-1\")).click();\nawait driver.findElement(By.id(\"mui-1\")).sendKeys(\"test12\");\nawait driver.findElement(By.id(\"mui-2\")).sendKeys(\"Abc12345\");\nawait driver.findElement(By.css(\".MuiButton-root\")).click();\nawait driver.sleep(3000);\nassert(\n    (await driver\n        .findElement(By.css(\".MuiPaper-elevation0\"))\n        .getText()) == \"Incorrect Password\"\n);",
              "err": {},
              "uuid": "b5356176-5071-4480-9ee2-4d4396563b3d",
              "parentUUID": "4b989046-89c8-4a65-ab96-4e9a3ed995c3",
              "isHook": false,
              "skipped": false
            },
            {
              "title": "Test Case 3: Đăng nhập thành công",
              "fullTitle": "Đăng nhập Test Case 3: Đăng nhập thành công",
              "timedOut": false,
              "duration": 3478,
              "state": "passed",
              "speed": "slow",
              "pass": true,
              "fail": false,
              "pending": false,
              "context": null,
              "code": "await driver.findElement(By.id(\"mui-1\")).click();\nawait driver.findElement(By.id(\"mui-1\")).sendKeys(\"test12\");\nawait driver.findElement(By.id(\"mui-2\")).sendKeys(\"Abc1234@\");\nawait driver.findElement(By.css(\".MuiButton-root\")).click();\nawait driver.sleep(3000);\nassert(\n    (await driver\n        .findElement(By.css(\".MuiGrid-grid-xs-3:nth-child(1)\"))\n        .getText()) == \"League Name\"\n);",
              "err": {},
              "uuid": "069c1766-0f92-421a-9c82-e45c484c390b",
              "parentUUID": "4b989046-89c8-4a65-ab96-4e9a3ed995c3",
              "isHook": false,
              "skipped": false
            }
          ],
          "suites": [],
          "passes": [
            "96fced4f-467e-42a9-907c-68ba3ec8445f",
            "b5356176-5071-4480-9ee2-4d4396563b3d",
            "069c1766-0f92-421a-9c82-e45c484c390b"
          ],
          "failures": [],
          "pending": [],
          "skipped": [],
          "duration": 10569,
          "root": false,
          "rootEmpty": false,
          "_timeout": 20000
        },
        {
          "uuid": "843d0290-0c89-4b96-9d4b-e8b83cb73154",
          "title": "Log out",
          "fullFile": "/root/Video-editing-test-case/logout_testcase.js",
          "file": "/logout_testcase.js",
          "beforeHooks": [
            {
              "title": "\"before all\" hook in \"Log out\"",
              "fullTitle": "Log out \"before all\" hook in \"Log out\"",
              "timedOut": false,
              "duration": 6662,
              "state": null,
              "speed": null,
              "pass": false,
              "fail": false,
              "pending": false,
              "context": null,
              "code": "// Khởi tạo WebDriver\ndriver = await createDriver();\nawait driver.get(URL);\nawait driver.sleep(2000);\n//Login\nawait driver.findElement(By.id(\"mui-1\")).click();\nawait driver.findElement(By.id(\"mui-1\")).sendKeys(\"test12\");\nawait driver.findElement(By.id(\"mui-2\")).sendKeys(\"Abc1234@\");\nawait driver.findElement(By.css(\".MuiButton-root\")).click();\nawait driver.sleep(3000);\nassert(\n    (await driver\n        .findElement(By.css(\".MuiGrid-grid-xs-3:nth-child(1)\"))\n        .getText()) == \"League Name\"\n);",
              "err": {},
              "uuid": "42a439c2-53b1-47c8-aa4a-f7a0013143e0",
              "parentUUID": "843d0290-0c89-4b96-9d4b-e8b83cb73154",
              "isHook": true,
              "skipped": false
            },
            {
              "title": "\"before each\" hook in \"Log out\"",
              "fullTitle": "Log out \"before each\" hook in \"Log out\"",
              "timedOut": false,
              "duration": 2468,
              "state": null,
              "speed": null,
              "pass": false,
              "fail": false,
              "pending": false,
              "context": null,
              "code": "// Điều hướng đến trang web trước mỗi test case\nawait driver.get(URL);\nawait driver.sleep(2000);",
              "err": {},
              "uuid": "55bbfddf-bb3c-4b9c-9ddd-5b1b57ecc25b",
              "parentUUID": "843d0290-0c89-4b96-9d4b-e8b83cb73154",
              "isHook": true,
              "skipped": false
            }
          ],
          "afterHooks": [
            {
              "title": "\"after all\" hook in \"Log out\"",
              "fullTitle": "Log out \"after all\" hook in \"Log out\"",
              "timedOut": false,
              "duration": 53,
              "state": null,
              "speed": null,
              "pass": false,
              "fail": false,
              "pending": false,
              "context": null,
              "code": "// Đóng WebDriver sau khi hoàn thành tất cả các test case\nawait driver.quit();",
              "err": {},
              "uuid": "366c9a84-73d8-43ea-92b0-7f2c1ea479c5",
              "parentUUID": "843d0290-0c89-4b96-9d4b-e8b83cb73154",
              "isHook": true,
              "skipped": false
            }
          ],
          "tests": [
            {
              "title": "Test Case 1: Đăng xuất",
              "fullTitle": "Log out Test Case 1: Đăng xuất",
              "timedOut": false,
              "duration": 2160,
              "state": "passed",
              "speed": "slow",
              "pass": true,
              "fail": false,
              "pending": false,
              "context": null,
              "code": "await driver.findElement(By.css(\"div > .MuiSvgIcon-root\")).click();\nawait driver.sleep(2000);\nassert(\n    (await driver.findElement(By.xpath(\"//b\")).getText()) == \"Video App\"\n);",
              "err": {},
              "uuid": "9128f61d-76b9-4c35-8ac7-970f38cc7c14",
              "parentUUID": "843d0290-0c89-4b96-9d4b-e8b83cb73154",
              "isHook": false,
              "skipped": false
            }
          ],
          "suites": [],
          "passes": [
            "9128f61d-76b9-4c35-8ac7-970f38cc7c14"
          ],
          "failures": [],
          "pending": [],
          "skipped": [],
          "duration": 2160,
          "root": false,
          "rootEmpty": false,
          "_timeout": 20000
        },
        {
          "uuid": "7e3b63eb-51f2-4a2a-910a-f344d71f3889",
          "title": "Filter video",
          "fullFile": "/root/Video-editing-test-case/filtervideo_testcase.js",
          "file": "/filtervideo_testcase.js",
          "beforeHooks": [
            {
              "title": "\"before all\" hook in \"Filter video\"",
              "fullTitle": "Filter video \"before all\" hook in \"Filter video\"",
              "timedOut": false,
              "duration": 6781,
              "state": null,
              "speed": null,
              "pass": false,
              "fail": false,
              "pending": false,
              "context": null,
              "code": "// Khởi tạo WebDriver\ndriver = await createDriver();\nawait driver.manage().window().setRect({ width: 1280, height: 1080 });\nawait driver.get(URL);\nawait driver.sleep(2000);\n//Login\nawait driver.findElement(By.id(\"mui-1\")).click();\nawait driver.findElement(By.id(\"mui-1\")).sendKeys(\"test12\");\nawait driver.findElement(By.id(\"mui-2\")).sendKeys(\"Abc1234@\");\nawait driver.findElement(By.css(\".MuiButton-root\")).click();\nawait driver.sleep(3000);\nassert(\n    (await driver\n        .findElement(By.css(\".MuiGrid-grid-xs-3:nth-child(1)\"))\n        .getText()) == \"League Name\"\n);",
              "err": {},
              "uuid": "abf6dc1b-2906-4bd8-9ff5-5ba38ef44132",
              "parentUUID": "7e3b63eb-51f2-4a2a-910a-f344d71f3889",
              "isHook": true,
              "skipped": false
            },
            {
              "title": "\"before each\" hook in \"Filter video\"",
              "fullTitle": "Filter video \"before each\" hook in \"Filter video\"",
              "timedOut": false,
              "duration": 2470,
              "state": null,
              "speed": null,
              "pass": false,
              "fail": false,
              "pending": false,
              "context": null,
              "code": "// Điều hướng đến trang web trước mỗi test case\nawait driver.get(URL);\nawait driver.sleep(2000);",
              "err": {},
              "uuid": "a3a0fbe5-5b6e-4b2a-8d89-bafde4a0b957",
              "parentUUID": "7e3b63eb-51f2-4a2a-910a-f344d71f3889",
              "isHook": true,
              "skipped": false
            }
          ],
          "afterHooks": [
            {
              "title": "\"after all\" hook in \"Filter video\"",
              "fullTitle": "Filter video \"after all\" hook in \"Filter video\"",
              "timedOut": false,
              "duration": 53,
              "state": null,
              "speed": null,
              "pass": false,
              "fail": false,
              "pending": false,
              "context": null,
              "code": "// Đóng WebDriver sau khi hoàn thành tất cả các test case\nawait driver.quit();",
              "err": {},
              "uuid": "af09f7e7-7f71-432c-9d55-03525dd75a22",
              "parentUUID": "7e3b63eb-51f2-4a2a-910a-f344d71f3889",
              "isHook": true,
              "skipped": false
            }
          ],
          "tests": [
            {
              "title": "Test Case 1: Tìm video",
              "fullTitle": "Filter video Test Case 1: Tìm video",
              "timedOut": false,
              "duration": 5556,
              "state": "passed",
              "speed": "slow",
              "pass": true,
              "fail": false,
              "pending": false,
              "context": null,
              "code": "await driver.findElement(By.xpath(\"//td[6]/button\")).click();\nawait driver.sleep(3000);\nawait driver\n    .findElement(\n        By.css(\".ant-table-cell:nth-child(2) .ant-dropdown-trigger\")\n    )\n    .click();\nawait driver.findElement(By.xpath(\"//li/span/span\")).click();\nawait driver.findElement(By.css(\".ant-btn-primary\")).click();\nawait driver.sleep(1000);\nawait driver\n    .takeScreenshot()\n    .then((image) =>\n        require(\"fs\").writeFileSync(\n            \"./result-images/filterVideo-tc1.png\",\n            image,\n            \"base64\"\n        )\n    );\n//reset lại filter\nawait driver\n    .findElement(\n        By.css(\".ant-table-cell:nth-child(2) .ant-dropdown-trigger\")\n    )\n    .click();\nawait driver.findElement(By.xpath(\"//div[2]/button/span\")).click();",
              "err": {},
              "uuid": "a25d5597-c43f-4fcd-919b-de29af6ff9cf",
              "parentUUID": "7e3b63eb-51f2-4a2a-910a-f344d71f3889",
              "isHook": false,
              "skipped": false
            }
          ],
          "suites": [],
          "passes": [
            "a25d5597-c43f-4fcd-919b-de29af6ff9cf"
          ],
          "failures": [],
          "pending": [],
          "skipped": [],
          "duration": 5556,
          "root": false,
          "rootEmpty": false,
          "_timeout": 20000
        },
        {
          "uuid": "811c1251-329d-4478-b60c-d98776f84507",
          "title": "Add match",
          "fullFile": "/root/Video-editing-test-case/addmatch_testcase.js",
          "file": "/addmatch_testcase.js",
          "beforeHooks": [
            {
              "title": "\"before all\" hook in \"Add match\"",
              "fullTitle": "Add match \"before all\" hook in \"Add match\"",
              "timedOut": false,
              "duration": 4896,
              "state": null,
              "speed": null,
              "pass": false,
              "fail": false,
              "pending": false,
              "context": null,
              "code": "// Khởi tạo WebDriver\ndriver = await createDriver();\nawait driver.get(URL);\nawait driver.sleep(1000);\n//Login\nawait driver.findElement(By.id(\"mui-1\")).click();\nawait driver.findElement(By.id(\"mui-1\")).sendKeys(\"test12\");\nawait driver.findElement(By.id(\"mui-2\")).sendKeys(\"Abc1234@\");\nawait driver.findElement(By.css(\".MuiButton-root\")).click();\nawait driver.sleep(2000);\nassert(\n    (await driver\n        .findElement(By.css(\".MuiGrid-grid-xs-3:nth-child(1)\"))\n        .getText()) == \"League Name\"\n);",
              "err": {},
              "uuid": "ff810455-70d4-4f56-b1a8-59da7c8fed60",
              "parentUUID": "811c1251-329d-4478-b60c-d98776f84507",
              "isHook": true,
              "skipped": false
            },
            {
              "title": "\"before each\" hook in \"Add match\"",
              "fullTitle": "Add match \"before each\" hook in \"Add match\"",
              "timedOut": false,
              "duration": 2469,
              "state": null,
              "speed": null,
              "pass": false,
              "fail": false,
              "pending": false,
              "context": null,
              "code": "await driver.get(URL);\nawait driver.sleep(2000);",
              "err": {},
              "uuid": "0be9df4c-0a8e-4d77-9439-1c1a1b9487fe",
              "parentUUID": "811c1251-329d-4478-b60c-d98776f84507",
              "isHook": true,
              "skipped": false
            }
          ],
          "afterHooks": [
            {
              "title": "\"after all\" hook in \"Add match\"",
              "fullTitle": "Add match \"after all\" hook in \"Add match\"",
              "timedOut": false,
              "duration": 53,
              "state": null,
              "speed": null,
              "pass": false,
              "fail": false,
              "pending": false,
              "context": null,
              "code": "// Đóng WebDriver sau khi hoàn thành tất cả các test case\nawait driver.quit();",
              "err": {},
              "uuid": "7de3d061-ec23-4e48-9126-e390646d0810",
              "parentUUID": "811c1251-329d-4478-b60c-d98776f84507",
              "isHook": true,
              "skipped": false
            }
          ],
          "tests": [
            {
              "title": "Test Case 1: Thêm trận đấu (thêm league name mới)",
              "fullTitle": "Add match Test Case 1: Thêm trận đấu (thêm league name mới)",
              "timedOut": false,
              "duration": 4785,
              "state": "passed",
              "speed": "slow",
              "pass": true,
              "fail": false,
              "pending": false,
              "context": null,
              "code": "await driver\n    .findElement(\n        By.css(\"div:nth-child(1) > div > .MuiIconButton-colorPrimary\")\n    )\n    .click();\nawait driver.findElement(By.id(\"mui-6\")).sendKeys(\"V League\");\nawait driver\n    .findElement(By.id(\"mui-7\"))\n    .sendKeys(\"Viet Nam - Thai Lan\");\nawait driver.findElement(By.id(\"mui-9\")).sendKeys(\"VTV3\");\nawait driver.findElement(By.id(\"mui-10\")).sendKeys(\"127.0.0.1\");\nawait driver.findElement(By.id(\"mui-11\")).sendKeys(\"3000\");\nawait driver.findElement(By.css(\".MuiButton-root\")).click();\nawait driver.sleep(2000);",
              "err": {},
              "uuid": "e51742e0-b51e-42b3-ad55-7cb1412175eb",
              "parentUUID": "811c1251-329d-4478-b60c-d98776f84507",
              "isHook": false,
              "skipped": false
            },
            {
              "title": "Test Case 2: Thêm trận đấu (Chọn league name có sẵn)",
              "fullTitle": "Add match Test Case 2: Thêm trận đấu (Chọn league name có sẵn)",
              "timedOut": false,
              "duration": 4485,
              "state": "passed",
              "speed": "slow",
              "pass": true,
              "fail": false,
              "pending": false,
              "context": null,
              "code": "await driver.findElement(By.id(\"mui-5\")).click();\nawait driver.findElement(By.id(\"mui-5-option-0\")).click();\nawait driver\n    .findElement(By.id(\"mui-7\"))\n    .sendKeys(\"Viet Nam - Thai Lan\");\nawait driver.findElement(By.id(\"mui-9\")).sendKeys(\"VTV3\");\nawait driver.findElement(By.id(\"mui-10\")).sendKeys(\"127.0.0.1\");\nawait driver.findElement(By.id(\"mui-11\")).sendKeys(\"3000\");\nawait driver.findElement(By.css(\".MuiButton-root\")).click();\nawait driver.sleep(2000);",
              "err": {},
              "uuid": "072fd68d-9823-4c3d-ac8f-a25837de81e6",
              "parentUUID": "811c1251-329d-4478-b60c-d98776f84507",
              "isHook": false,
              "skipped": false
            }
          ],
          "suites": [],
          "passes": [
            "e51742e0-b51e-42b3-ad55-7cb1412175eb",
            "072fd68d-9823-4c3d-ac8f-a25837de81e6"
          ],
          "failures": [],
          "pending": [],
          "skipped": [],
          "duration": 9270,
          "root": false,
          "rootEmpty": false,
          "_timeout": 20000
        },
        {
          "uuid": "d66dd0b7-283a-4b94-8a5e-222213efa8ff",
          "title": "Upload file json",
          "fullFile": "/root/Video-editing-test-case/uploadjson_testcase.js",
          "file": "/uploadjson_testcase.js",
          "beforeHooks": [
            {
              "title": "\"before all\" hook in \"Upload file json\"",
              "fullTitle": "Upload file json \"before all\" hook in \"Upload file json\"",
              "timedOut": false,
              "duration": 6668,
              "state": null,
              "speed": null,
              "pass": false,
              "fail": false,
              "pending": false,
              "context": null,
              "code": "// Khởi tạo WebDriver\ndriver = await createDriver();\nawait driver.get(URL);\nawait driver.sleep(2000);\n//Login\nawait driver.findElement(By.id(\"mui-1\")).click();\nawait driver.findElement(By.id(\"mui-1\")).sendKeys(\"test12\");\nawait driver.findElement(By.id(\"mui-2\")).sendKeys(\"Abc1234@\");\nawait driver.findElement(By.css(\".MuiButton-root\")).click();\nawait driver.sleep(3000);\nassert(\n    (await driver\n        .findElement(By.css(\".MuiGrid-grid-xs-3:nth-child(1)\"))\n        .getText()) == \"League Name\"\n);",
              "err": {},
              "uuid": "601dab2c-1aac-4c48-9181-665f311d72ff",
              "parentUUID": "d66dd0b7-283a-4b94-8a5e-222213efa8ff",
              "isHook": true,
              "skipped": false
            },
            {
              "title": "\"before each\" hook in \"Upload file json\"",
              "fullTitle": "Upload file json \"before each\" hook in \"Upload file json\"",
              "timedOut": false,
              "duration": 613,
              "state": null,
              "speed": null,
              "pass": false,
              "fail": false,
              "pending": false,
              "context": null,
              "code": "// Điều hướng đến trang web trước mỗi test case\nawait driver.get(URL);",
              "err": {},
              "uuid": "c3278921-b6d7-4e52-980c-938ed7c1d029",
              "parentUUID": "d66dd0b7-283a-4b94-8a5e-222213efa8ff",
              "isHook": true,
              "skipped": false
            }
          ],
          "afterHooks": [
            {
              "title": "\"after all\" hook in \"Upload file json\"",
              "fullTitle": "Upload file json \"after all\" hook in \"Upload file json\"",
              "timedOut": false,
              "duration": 57,
              "state": null,
              "speed": null,
              "pass": false,
              "fail": false,
              "pending": false,
              "context": null,
              "code": "// Đóng WebDriver sau khi hoàn thành tất cả các test case\nawait driver.quit();",
              "err": {},
              "uuid": "ecb3f6a9-5027-4941-9b58-d28019b0cfdb",
              "parentUUID": "d66dd0b7-283a-4b94-8a5e-222213efa8ff",
              "isHook": true,
              "skipped": false
            }
          ],
          "tests": [
            {
              "title": "Upload json file",
              "fullTitle": "Upload file json Upload json file",
              "timedOut": false,
              "duration": 2338,
              "state": "failed",
              "speed": null,
              "pass": false,
              "fail": true,
              "pending": false,
              "context": null,
              "code": "await driver.sleep(2000);\nawait driver.findElement(By.xpath(\"//td[7]\")).click();\nawait driver.findElement(By.css(\".sc-hLseeU > span\")).click();\nawait driver\n    .findElement(By.name(\"file\"))\n    .sendKeys(\"C:/Users/ZEPHYRUS/Downloads/vn_tl.json\");\nawait driver.sleep(1000);\nawait driver\n    .findElement(By.css(\".MuiButton-root:nth-child(2)\"))\n    .click();\nawait driver.sleep(3000);\nassert(\n    (await driver\n        .findElement(By.css(\".MuiPaper-elevation0\"))\n        .getText()) == \"Saved\"\n);",
              "err": {
                "message": "InvalidArgumentError: invalid argument: File not found : C:/Users/ZEPHYRUS/Downloads/vn_tl.json\n  (Session info: headless chrome=113.0.5672.126)",
                "estack": "InvalidArgumentError: invalid argument: File not found : C:/Users/ZEPHYRUS/Downloads/vn_tl.json\n  (Session info: headless chrome=113.0.5672.126)\n    at Object.throwDecodedError (node_modules/selenium-webdriver/lib/error.js:524:15)\n    at parseHttpResponse (node_modules/selenium-webdriver/lib/http.js:587:13)\n    at Executor.execute (node_modules/selenium-webdriver/lib/http.js:515:28)\n    at process.processTicksAndRejections (node:internal/process/task_queues:95:5)\n    at async Driver.execute (node_modules/selenium-webdriver/lib/webdriver.js:745:17)\n    at async Context.<anonymous> (uploadjson_testcase.js:61:9)",
                "diff": null
              },
              "uuid": "aa675fd1-f2ab-41e4-9d40-196b34057baa",
              "parentUUID": "d66dd0b7-283a-4b94-8a5e-222213efa8ff",
              "isHook": false,
              "skipped": false
            }
          ],
          "suites": [],
          "passes": [],
          "failures": [
            "aa675fd1-f2ab-41e4-9d40-196b34057baa"
          ],
          "pending": [],
          "skipped": [],
          "duration": 2338,
          "root": false,
          "rootEmpty": false,
          "_timeout": 20000
        },
        {
          "uuid": "8d6f6987-42f3-44be-b9b6-e8768aeb1bb4",
          "title": "Find match",
          "fullFile": "/root/Video-editing-test-case/findmatch_testcase.js",
          "file": "/findmatch_testcase.js",
          "beforeHooks": [
            {
              "title": "\"before all\" hook in \"Find match\"",
              "fullTitle": "Find match \"before all\" hook in \"Find match\"",
              "timedOut": false,
              "duration": 6738,
              "state": null,
              "speed": null,
              "pass": false,
              "fail": false,
              "pending": false,
              "context": null,
              "code": "// Khởi tạo WebDriver\ndriver = await createDriver();\nawait driver.manage().window().setRect({ width: 1280, height: 1080 });\nawait driver.get(URL);\nawait driver.sleep(2000);\n//Login\nawait driver.findElement(By.id(\"mui-1\")).click();\nawait driver.findElement(By.id(\"mui-1\")).sendKeys(\"test12\");\nawait driver.findElement(By.id(\"mui-2\")).sendKeys(\"Abc1234@\");\nawait driver.findElement(By.css(\".MuiButton-root\")).click();\nawait driver.sleep(3000);\nassert(\n    (await driver\n        .findElement(By.css(\".MuiGrid-grid-xs-3:nth-child(1)\"))\n        .getText()) == \"League Name\"\n);",
              "err": {},
              "uuid": "dee74644-f8a5-4b9f-b7fc-7339ca8a8394",
              "parentUUID": "8d6f6987-42f3-44be-b9b6-e8768aeb1bb4",
              "isHook": true,
              "skipped": false
            },
            {
              "title": "\"before each\" hook in \"Find match\"",
              "fullTitle": "Find match \"before each\" hook in \"Find match\"",
              "timedOut": false,
              "duration": 2439,
              "state": null,
              "speed": null,
              "pass": false,
              "fail": false,
              "pending": false,
              "context": null,
              "code": "// Điều hướng đến trang web trước mỗi test case\nawait driver.get(URL + \"/highlight\");\nawait driver.sleep(2000);",
              "err": {},
              "uuid": "726fd974-d6e5-4704-8ca1-bd20f6d2d1be",
              "parentUUID": "8d6f6987-42f3-44be-b9b6-e8768aeb1bb4",
              "isHook": true,
              "skipped": false
            }
          ],
          "afterHooks": [
            {
              "title": "\"after all\" hook in \"Find match\"",
              "fullTitle": "Find match \"after all\" hook in \"Find match\"",
              "timedOut": false,
              "duration": 52,
              "state": null,
              "speed": null,
              "pass": false,
              "fail": false,
              "pending": false,
              "context": null,
              "code": "// Đóng WebDriver sau khi hoàn thành tất cả các test case\nawait driver.quit();",
              "err": {},
              "uuid": "55c615cf-f6a6-425d-81dc-8d3f57b0dfcf",
              "parentUUID": "8d6f6987-42f3-44be-b9b6-e8768aeb1bb4",
              "isHook": true,
              "skipped": false
            }
          ],
          "tests": [
            {
              "title": "Test Case 1: Tìm kiếm trận đấu",
              "fullTitle": "Find match Test Case 1: Tìm kiếm trận đấu",
              "timedOut": false,
              "duration": 9070,
              "state": "passed",
              "speed": "slow",
              "pass": true,
              "fail": false,
              "pending": false,
              "context": null,
              "code": "const startDate = driver.findElement(By.xpath(\"//input\"));\n// Tạo đối tượng ActionSequence\nconst actionSequence = driver.actions({ bridge: true });\n// Thực hiện double click vào ô input\nactionSequence.click(startDate).perform();\nfor (let i = 0; i < 8; i++) {\n    startDate.sendKeys(Key.BACK_SPACE);\n}\nstartDate.sendKeys(\"12022020\");\nconst endDate = driver.findElement(By.xpath(\"//div[2]/div/div/input\"));\n// Thực hiện double click vào ô input\nactionSequence.click(endDate).perform();\nfor (let i = 0; i < 8; i++) {\n    endDate.sendKeys(Key.BACK_SPACE);\n}\nendDate.sendKeys(\"04122023\");\nawait driver.sleep(3000);\nawait driver\n    .findElement(By.xpath(\"//div[3]/div/div/div/input\"))\n    .click();\nawait driver\n    .findElement(By.xpath(\"//li[contains(.,'AFF_U19')]\"))\n    .click();\nawait driver\n    .findElement(By.xpath(\"//div[4]/div/div/div/input\"))\n    .click();\nawait driver.sleep(1000);\nawait driver\n    .findElement(By.xpath(\"//li[contains(.,'vietnam')]\"))\n    .click();\nawait driver\n    .findElement(By.xpath(\"//div[5]/div/div/div/input\"))\n    .click();\nawait driver\n    .findElement(By.xpath(\"//li[contains(.,'opening')]\"))\n    .click();\nawait driver.findElement(By.css(\".MuiButton-containedSuccess\")).click();\nawait driver.sleep(4000);\nawait driver\n    .takeScreenshot()\n    .then((image) =>\n        require(\"fs\").writeFileSync(\n            \"./result-images/findMatch-tc1.png\",\n            image,\n            \"base64\"\n        )\n    );",
              "err": {},
              "uuid": "9c26fe7e-58a0-4110-bb97-caa1bc1abd23",
              "parentUUID": "8d6f6987-42f3-44be-b9b6-e8768aeb1bb4",
              "isHook": false,
              "skipped": false
            }
          ],
          "suites": [],
          "passes": [
            "9c26fe7e-58a0-4110-bb97-caa1bc1abd23"
          ],
          "failures": [],
          "pending": [],
          "skipped": [],
          "duration": 9070,
          "root": false,
          "rootEmpty": false,
          "_timeout": 20000
        },
        {
          "uuid": "186589e9-d1e6-4e01-adaa-612b12d8d2fa",
          "title": "Filter match",
          "fullFile": "/root/Video-editing-test-case/filtermatch_testcase.js",
          "file": "/filtermatch_testcase.js",
          "beforeHooks": [
            {
              "title": "\"before all\" hook in \"Filter match\"",
              "fullTitle": "Filter match \"before all\" hook in \"Filter match\"",
              "timedOut": false,
              "duration": 6706,
              "state": null,
              "speed": null,
              "pass": false,
              "fail": false,
              "pending": false,
              "context": null,
              "code": "// Khởi tạo WebDriver\ndriver = await createDriver();\nawait driver.get(URL);\nawait driver.sleep(2000);\n//Login\nawait driver.findElement(By.id(\"mui-1\")).click();\nawait driver.findElement(By.id(\"mui-1\")).sendKeys(\"test12\");\nawait driver.findElement(By.id(\"mui-2\")).sendKeys(\"Abc1234@\");\nawait driver.findElement(By.css(\".MuiButton-root\")).click();\nawait driver.sleep(3000);\nassert(\n    (await driver\n        .findElement(By.css(\".MuiGrid-grid-xs-3:nth-child(1)\"))\n        .getText()) == \"League Name\"\n);",
              "err": {},
              "uuid": "301ddbfd-5e8e-497a-b0f6-ac1e5c4471c1",
              "parentUUID": "186589e9-d1e6-4e01-adaa-612b12d8d2fa",
              "isHook": true,
              "skipped": false
            },
            {
              "title": "\"before each\" hook in \"Filter match\"",
              "fullTitle": "Filter match \"before each\" hook in \"Filter match\"",
              "timedOut": false,
              "duration": 2469,
              "state": null,
              "speed": null,
              "pass": false,
              "fail": false,
              "pending": false,
              "context": null,
              "code": "// Điều hướng đến trang web trước mỗi test case\nawait driver.get(URL);\nawait driver.sleep(2000);",
              "err": {},
              "uuid": "bd5526af-10be-48c0-8168-fa0849417cfa",
              "parentUUID": "186589e9-d1e6-4e01-adaa-612b12d8d2fa",
              "isHook": true,
              "skipped": false
            }
          ],
          "afterHooks": [
            {
              "title": "\"after all\" hook in \"Filter match\"",
              "fullTitle": "Filter match \"after all\" hook in \"Filter match\"",
              "timedOut": false,
              "duration": 53,
              "state": null,
              "speed": null,
              "pass": false,
              "fail": false,
              "pending": false,
              "context": null,
              "code": "// Đóng WebDriver sau khi hoàn thành tất cả các test case\nawait driver.quit();",
              "err": {},
              "uuid": "a3bf755a-3f79-47b1-ac1c-36100f76cff4",
              "parentUUID": "186589e9-d1e6-4e01-adaa-612b12d8d2fa",
              "isHook": true,
              "skipped": false
            }
          ],
          "tests": [
            {
              "title": "Test Case 1: lọc theo tên giải đấu",
              "fullTitle": "Filter match Test Case 1: lọc theo tên giải đấu",
              "timedOut": false,
              "duration": 2755,
              "state": "passed",
              "speed": "slow",
              "pass": true,
              "fail": false,
              "pending": false,
              "context": null,
              "code": "await driver\n    .findElement(\n        By.css(\".ant-table-cell:nth-child(1) .ant-dropdown-trigger\")\n    )\n    .click();\nawait driver.findElement(By.xpath(\"//label/span/input\")).click();\nawait driver.findElement(By.xpath(\"//button[2]/span\")).click();\nawait driver.sleep(2000);\nawait driver\n    .takeScreenshot()\n    .then((image) =>\n        require(\"fs\").writeFileSync(\n            \"./result-images/filterMatch-tc1.png\",\n            image,\n            \"base64\"\n        )\n    );\n//reset lại filter\nawait driver\n    .findElement(\n        By.css(\".ant-table-cell:nth-child(1) .ant-dropdown-trigger\")\n    )\n    .click();\nawait driver.findElement(By.xpath(\"//div[2]/button/span\")).click();",
              "err": {},
              "uuid": "bd164a34-b17a-41c2-9f1d-9845ca7d1265",
              "parentUUID": "186589e9-d1e6-4e01-adaa-612b12d8d2fa",
              "isHook": false,
              "skipped": false
            },
            {
              "title": "Test Case 2: lọc theo tên đội",
              "fullTitle": "Filter match Test Case 2: lọc theo tên đội",
              "timedOut": false,
              "duration": 2924,
              "state": "passed",
              "speed": "slow",
              "pass": true,
              "fail": false,
              "pending": false,
              "context": null,
              "code": "await driver\n    .findElement(\n        By.css(\".ant-table-cell:nth-child(2) .ant-dropdown-trigger\")\n    )\n    .click();\nawait driver.findElement(By.css(\".ant-input\")).sendKeys(\"vietnam\");\nawait driver.findElement(By.xpath(\"//button/span[2]\")).click();\nawait driver.sleep(2000);\nawait driver\n    .takeScreenshot()\n    .then((image) =>\n        require(\"fs\").writeFileSync(\n            \"./result-images/filterMatch-tc2.png\",\n            image,\n            \"base64\"\n        )\n    );\n//reset lại filter\nawait driver\n    .findElement(\n        By.css(\".ant-table-cell:nth-child(2) .ant-dropdown-trigger\")\n    )\n    .click();\nawait driver\n    .findElement(By.xpath(\"//div/div/div/div/div/div[2]/button\"))\n    .click();",
              "err": {},
              "uuid": "01808d51-ef2f-4622-b88e-2752a6eb7b53",
              "parentUUID": "186589e9-d1e6-4e01-adaa-612b12d8d2fa",
              "isHook": false,
              "skipped": false
            },
            {
              "title": "Test Case 3: lọc theo thời gian giải đấu",
              "fullTitle": "Filter match Test Case 3: lọc theo thời gian giải đấu",
              "timedOut": false,
              "duration": 4081,
              "state": "passed",
              "speed": "slow",
              "pass": true,
              "fail": false,
              "pending": false,
              "context": null,
              "code": "await driver\n    .findElement(\n        By.css(\".ant-table-cell:nth-child(3) .ant-dropdown-trigger\")\n    )\n    .click();\nawait driver\n    .findElement(By.css(\".ant-picker-input-active > input\"))\n    .click();\nawait driver.findElement(By.xpath(\"//td[7]/div\")).click();\nawait driver\n    .findElement(\n        By.xpath(\"//div[2]/div/div[2]/table/tbody/tr[5]/td[4]/div\")\n    )\n    .click();\nawait driver.findElement(By.css(\".ant-btn-primary\")).click();\nawait driver.sleep(2000);\nawait driver\n    .takeScreenshot()\n    .then((image) =>\n        require(\"fs\").writeFileSync(\n            \"./result-images/filterMatch-tc3.png\",\n            image,\n            \"base64\"\n        )\n    );\n//reset lại filter\nawait driver\n    .findElement(\n        By.css(\".ant-table-cell:nth-child(3) .ant-dropdown-trigger\")\n    )\n    .click();\nawait driver.findElement(By.xpath(\"//div[2]/button\")).click();",
              "err": {},
              "uuid": "6390e295-a013-4daf-99f6-9cf0ceab2a2a",
              "parentUUID": "186589e9-d1e6-4e01-adaa-612b12d8d2fa",
              "isHook": false,
              "skipped": false
            },
            {
              "title": "Test Case 4: lọc theo chanel giải đấu",
              "fullTitle": "Filter match Test Case 4: lọc theo chanel giải đấu",
              "timedOut": false,
              "duration": 4627,
              "state": "failed",
              "speed": null,
              "pass": false,
              "fail": true,
              "pending": false,
              "context": null,
              "code": "await driver.findElement(By.xpath(\"//th[4]/div/span[2]\")).click();\nawait driver.findElement(By.css(\".ant-input\")).sendKeys(\"vtv\");\nawait driver.sleep(2000);\nawait driver.findElement(By.css(\".ant-btn-primary\")).click();\nawait driver.sleep(2000);\nawait driver\n    .takeScreenshot()\n    .then((image) =>\n        require(\"fs\").writeFileSync(\n            \"./result-images/filterMatch-tc4.png\",\n            image,\n            \"base64\"\n        )\n    );\n//reset lại filter\nawait driver\n    .findElement(\n        By.css(\".ant-table-cell:nth-child(4) .ant-dropdown-trigger\")\n    )\n    .click();\nawait driver.findElement(By.xpath(\"//div[2]/button\")).click();",
              "err": {
                "message": "ElementNotInteractableError: element not interactable\n  (Session info: headless chrome=113.0.5672.126)",
                "estack": "ElementNotInteractableError: element not interactable\n  (Session info: headless chrome=113.0.5672.126)\n    at Object.throwDecodedError (node_modules/selenium-webdriver/lib/error.js:524:15)\n    at parseHttpResponse (node_modules/selenium-webdriver/lib/http.js:587:13)\n    at Executor.execute (node_modules/selenium-webdriver/lib/http.js:515:28)\n    at process.processTicksAndRejections (node:internal/process/task_queues:95:5)\n    at async Driver.execute (node_modules/selenium-webdriver/lib/webdriver.js:745:17)\n    at async Context.<anonymous> (filtermatch_testcase.js:190:9)",
                "diff": null
              },
              "uuid": "90a3c3b3-10af-4ac9-8949-cee7cab34bac",
              "parentUUID": "186589e9-d1e6-4e01-adaa-612b12d8d2fa",
              "isHook": false,
              "skipped": false
            }
          ],
          "suites": [],
          "passes": [
            "bd164a34-b17a-41c2-9f1d-9845ca7d1265",
            "01808d51-ef2f-4622-b88e-2752a6eb7b53",
            "6390e295-a013-4daf-99f6-9cf0ceab2a2a"
          ],
          "failures": [
            "90a3c3b3-10af-4ac9-8949-cee7cab34bac"
          ],
          "pending": [],
          "skipped": [],
          "duration": 14387,
          "root": false,
          "rootEmpty": false,
          "_timeout": 20000
        },
        {
          "uuid": "7aa2f54a-3ba6-4a6c-9523-59266987bbd6",
          "title": "Upload video, image",
          "fullFile": "/root/Video-editing-test-case/uploadvideo_testcase.js",
          "file": "/uploadvideo_testcase.js",
          "beforeHooks": [
            {
              "title": "\"before all\" hook in \"Upload video, image\"",
              "fullTitle": "Upload video, image \"before all\" hook in \"Upload video, image\"",
              "timedOut": false,
              "duration": 6720,
              "state": null,
              "speed": null,
              "pass": false,
              "fail": false,
              "pending": false,
              "context": null,
              "code": "// Khởi tạo WebDriver\ndriver = await createDriver();\nawait driver.get(URL);\nawait driver.sleep(2000);\n//Login\nawait driver.findElement(By.id(\"mui-1\")).click();\nawait driver.findElement(By.id(\"mui-1\")).sendKeys(\"test12\");\nawait driver.findElement(By.id(\"mui-2\")).sendKeys(\"Abc1234@\");\nawait driver.findElement(By.css(\".MuiButton-root\")).click();\nawait driver.sleep(3000);\nassert(\n    (await driver\n        .findElement(By.css(\".MuiGrid-grid-xs-3:nth-child(1)\"))\n        .getText()) == \"League Name\"\n);",
              "err": {},
              "uuid": "6b8bcdd9-56b9-43d0-8556-365d9755f7c3",
              "parentUUID": "7aa2f54a-3ba6-4a6c-9523-59266987bbd6",
              "isHook": true,
              "skipped": false
            },
            {
              "title": "\"before each\" hook in \"Upload video, image\"",
              "fullTitle": "Upload video, image \"before each\" hook in \"Upload video, image\"",
              "timedOut": false,
              "duration": 2268,
              "state": null,
              "speed": null,
              "pass": false,
              "fail": false,
              "pending": false,
              "context": null,
              "code": "// Điều hướng đến trang web trước mỗi test case\nawait driver.get(URL + \"/gallery\");\nawait driver.sleep(2000);",
              "err": {},
              "uuid": "e7a4601b-ffee-4471-a621-d4a4b6f11788",
              "parentUUID": "7aa2f54a-3ba6-4a6c-9523-59266987bbd6",
              "isHook": true,
              "skipped": false
            }
          ],
          "afterHooks": [
            {
              "title": "\"after all\" hook in \"Upload video, image\"",
              "fullTitle": "Upload video, image \"after all\" hook in \"Upload video, image\"",
              "timedOut": false,
              "duration": 65,
              "state": null,
              "speed": null,
              "pass": false,
              "fail": false,
              "pending": false,
              "context": null,
              "code": "// Đóng WebDriver sau khi hoàn thành tất cả các test case\nawait driver.quit();",
              "err": {},
              "uuid": "e2a1e7d5-5f47-4e25-b69d-689b35e548d4",
              "parentUUID": "7aa2f54a-3ba6-4a6c-9523-59266987bbd6",
              "isHook": true,
              "skipped": false
            }
          ],
          "tests": [
            {
              "title": "Test Case 1: upload image",
              "fullTitle": "Upload video, image Test Case 1: upload image",
              "timedOut": false,
              "duration": 1469,
              "state": "failed",
              "speed": null,
              "pass": false,
              "fail": true,
              "pending": false,
              "context": null,
              "code": "await driver.findElement(By.css(\".MuiFab-primary\")).click();\nawait driver.sleep(1000);\nawait driver\n    .findElement(By.xpath(\"//div[2]/div/div/input\"))\n    .sendKeys(\"image1\");\n//await driver.findElement(By.css(\".sc-hLseeU\")).click();\nawait driver\n    .findElement(By.name(\"file\"))\n    .sendKeys(\"C:/Users/ZEPHYRUS/Downloads/favorite-hiking-place.png\");\nawait driver.sleep(1000);\nawait driver.findElement(By.css(\".MuiButton-root\")).click();\nawait driver.sleep(5000);\nassert(\n    (await driver\n        .findElement(By.css(\".MuiPaper-elevation0\"))\n        .getText()) == \"Upload Succeed\"\n);",
              "err": {
                "message": "InvalidArgumentError: invalid argument: File not found : C:/Users/ZEPHYRUS/Downloads/favorite-hiking-place.png\n  (Session info: headless chrome=113.0.5672.126)",
                "estack": "InvalidArgumentError: invalid argument: File not found : C:/Users/ZEPHYRUS/Downloads/favorite-hiking-place.png\n  (Session info: headless chrome=113.0.5672.126)\n    at Object.throwDecodedError (node_modules/selenium-webdriver/lib/error.js:524:15)\n    at parseHttpResponse (node_modules/selenium-webdriver/lib/http.js:587:13)\n    at Executor.execute (node_modules/selenium-webdriver/lib/http.js:515:28)\n    at process.processTicksAndRejections (node:internal/process/task_queues:95:5)\n    at async Driver.execute (node_modules/selenium-webdriver/lib/webdriver.js:745:17)\n    at async Context.<anonymous> (uploadvideo_testcase.js:64:9)",
                "diff": null
              },
              "uuid": "d56f22dc-0065-4fe7-9692-714219cc6eb9",
              "parentUUID": "7aa2f54a-3ba6-4a6c-9523-59266987bbd6",
              "isHook": false,
              "skipped": false
            },
            {
              "title": "Test Case 2: upload video",
              "fullTitle": "Upload video, image Test Case 2: upload video",
              "timedOut": false,
              "duration": 1656,
              "state": "failed",
              "speed": null,
              "pass": false,
              "fail": true,
              "pending": false,
              "context": null,
              "code": "await driver.findElement(By.css(\".MuiFab-primary\")).click();\nawait driver.sleep(1000);\nawait driver.findElement(By.css(\".MuiSelect-select\")).click();\nawait driver.findElement(By.xpath(\"//div[3]/ul/li[2]\")).click();\nawait driver\n    .findElement(By.xpath(\"//div[2]/div/div/input\"))\n    .sendKeys(\"intro\");\n//await driver.findElement(By.css(\".sc-hLseeU\")).click();\nawait driver\n    .findElement(By.name(\"file\"))\n    .sendKeys(\"C:/Users/ZEPHYRUS/Downloads/intro.mp4\");\nawait driver.sleep(1000);\nawait driver.findElement(By.css(\".MuiButton-root\")).click();\nawait driver.sleep(5000);\nassert(\n    (await driver\n        .findElement(By.css(\".MuiPaper-elevation0\"))\n        .getText()) == \"Upload Succeed\"\n);",
              "err": {
                "message": "InvalidArgumentError: invalid argument: File not found : C:/Users/ZEPHYRUS/Downloads/intro.mp4\n  (Session info: headless chrome=113.0.5672.126)",
                "estack": "InvalidArgumentError: invalid argument: File not found : C:/Users/ZEPHYRUS/Downloads/intro.mp4\n  (Session info: headless chrome=113.0.5672.126)\n    at Object.throwDecodedError (node_modules/selenium-webdriver/lib/error.js:524:15)\n    at parseHttpResponse (node_modules/selenium-webdriver/lib/http.js:587:13)\n    at Executor.execute (node_modules/selenium-webdriver/lib/http.js:515:28)\n    at process.processTicksAndRejections (node:internal/process/task_queues:95:5)\n    at async Driver.execute (node_modules/selenium-webdriver/lib/webdriver.js:745:17)\n    at async Context.<anonymous> (uploadvideo_testcase.js:93:9)",
                "diff": null
              },
              "uuid": "aec22140-8f5f-443b-a65e-856ae866c575",
              "parentUUID": "7aa2f54a-3ba6-4a6c-9523-59266987bbd6",
              "isHook": false,
              "skipped": false
            }
          ],
          "suites": [],
          "passes": [],
          "failures": [
            "d56f22dc-0065-4fe7-9692-714219cc6eb9",
            "aec22140-8f5f-443b-a65e-856ae866c575"
          ],
          "pending": [],
          "skipped": [],
          "duration": 3125,
          "root": false,
          "rootEmpty": false,
          "_timeout": 20000
        },
        {
          "uuid": "061be35a-0b94-41b7-918c-429df89d445e",
          "title": "Delete video, image",
          "fullFile": "/root/Video-editing-test-case/deletevideo_testcase.js",
          "file": "/deletevideo_testcase.js",
          "beforeHooks": [
            {
              "title": "\"before all\" hook in \"Delete video, image\"",
              "fullTitle": "Delete video, image \"before all\" hook in \"Delete video, image\"",
              "timedOut": false,
              "duration": 6854,
              "state": null,
              "speed": null,
              "pass": false,
              "fail": false,
              "pending": false,
              "context": null,
              "code": "// Khởi tạo WebDriver\ndriver = await createDriver();\nawait driver.manage().window().setRect({ width: 1280, height: 1080 });\nawait driver.get(URL);\nawait driver.sleep(2000);\n//Login\nawait driver.findElement(By.id(\"mui-1\")).click();\nawait driver.findElement(By.id(\"mui-1\")).sendKeys(\"test12\");\nawait driver.findElement(By.id(\"mui-2\")).sendKeys(\"Abc1234@\");\nawait driver.findElement(By.css(\".MuiButton-root\")).click();\nawait driver.sleep(3000);\nassert(\n    (await driver\n        .findElement(By.css(\".MuiGrid-grid-xs-3:nth-child(1)\"))\n        .getText()) == \"League Name\"\n);",
              "err": {},
              "uuid": "0958c03c-a2db-420c-b846-e8fcdaaf7d80",
              "parentUUID": "061be35a-0b94-41b7-918c-429df89d445e",
              "isHook": true,
              "skipped": false
            },
            {
              "title": "\"before each\" hook in \"Delete video, image\"",
              "fullTitle": "Delete video, image \"before each\" hook in \"Delete video, image\"",
              "timedOut": false,
              "duration": 2311,
              "state": null,
              "speed": null,
              "pass": false,
              "fail": false,
              "pending": false,
              "context": null,
              "code": "// Điều hướng đến trang web trước mỗi test case\nawait driver.get(URL + \"/gallery\");\nawait driver.sleep(2000);",
              "err": {},
              "uuid": "c1e66388-ea03-492e-91c8-b8739a7e0db6",
              "parentUUID": "061be35a-0b94-41b7-918c-429df89d445e",
              "isHook": true,
              "skipped": false
            }
          ],
          "afterHooks": [
            {
              "title": "\"after all\" hook in \"Delete video, image\"",
              "fullTitle": "Delete video, image \"after all\" hook in \"Delete video, image\"",
              "timedOut": false,
              "duration": 52,
              "state": null,
              "speed": null,
              "pass": false,
              "fail": false,
              "pending": false,
              "context": null,
              "code": "// Đóng WebDriver sau khi hoàn thành tất cả các test case\nawait driver.quit();",
              "err": {},
              "uuid": "e51195b7-f87b-42ab-8e9b-ab3defbf5a69",
              "parentUUID": "061be35a-0b94-41b7-918c-429df89d445e",
              "isHook": true,
              "skipped": false
            }
          ],
          "tests": [
            {
              "title": "Test Case 1: Xóa hình ảnh, video đầu tiên",
              "fullTitle": "Delete video, image Test Case 1: Xóa hình ảnh, video đầu tiên",
              "timedOut": false,
              "duration": 176,
              "state": "failed",
              "speed": null,
              "pass": false,
              "fail": true,
              "pending": false,
              "context": null,
              "code": "await driver\n    .findElement(\n        By.xpath(\n            \"/html/body/div/div/div/main/div/div/div[3]/div[1]/div/div[1]/button\"\n        )\n    )\n    .click();\nawait driver.findElement(By.css(\".ant-btn-primary > span\")).click();\nawait driver.sleep(2000);\nassert(\n    (await driver\n        .findElement(By.css(\".MuiPaper-elevation0\"))\n        .getText()) == \"Delete Succeed\"\n);",
              "err": {
                "message": "ElementNotInteractableError: element not interactable: element has zero size\n  (Session info: headless chrome=113.0.5672.126)",
                "estack": "ElementNotInteractableError: element not interactable: element has zero size\n  (Session info: headless chrome=113.0.5672.126)\n    at Object.throwDecodedError (node_modules/selenium-webdriver/lib/error.js:524:15)\n    at parseHttpResponse (node_modules/selenium-webdriver/lib/http.js:587:13)\n    at Executor.execute (node_modules/selenium-webdriver/lib/http.js:515:28)\n    at process.processTicksAndRejections (node:internal/process/task_queues:95:5)\n    at async Driver.execute (node_modules/selenium-webdriver/lib/webdriver.js:745:17)\n    at async Context.<anonymous> (deletevideo_testcase.js:66:9)",
                "diff": null
              },
              "uuid": "6c335ee3-f195-460d-9f08-c6da35226a9f",
              "parentUUID": "061be35a-0b94-41b7-918c-429df89d445e",
              "isHook": false,
              "skipped": false
            }
          ],
          "suites": [],
          "passes": [],
          "failures": [
            "6c335ee3-f195-460d-9f08-c6da35226a9f"
          ],
          "pending": [],
          "skipped": [],
          "duration": 176,
          "root": false,
          "rootEmpty": false,
          "_timeout": 20000
        }
      ],
      "passes": [],
      "failures": [],
      "pending": [],
      "skipped": [],
      "duration": 0,
      "root": true,
      "rootEmpty": true,
      "_timeout": 20000
    }
  ],
  "meta": {
    "mocha": {
      "version": "10.2.0"
    },
    "mochawesome": {
      "options": {
        "quiet": false,
        "reportFilename": "mochawesome",
        "saveHtml": true,
        "saveJson": true,
        "consoleReporter": "spec",
        "useInlineDiffs": false,
        "code": true
      },
      "version": "7.1.3"
    },
    "marge": {
      "options": {
        "reporterOptions": {
          "reportDir": "/root/Video-editing-test-case",
          "reportFilename": "index",
          "reportTitle": "Test Report",
          "reportPageTitle": "Test Results",
          "reportUseInlineAssets": true
        }
      },
      "version": "6.2.0"
    }
  }
}